<?xml version="1.0" encoding="UTF-8"?>
<!-- Generated by org.testng.reporters.JUnitReportReporter -->
<testsuite name="com.usa.ttech.student.automation.a" tests="1" time="0.014" ignored="0" failures="0" timestamp="13 Oct 2017 02:34:01 GMT" skipped="0" hostname="DESKTOP-A7L5GQS" errors="0">
  <testcase name="value" time="0.014" classname="com.usa.ttech.student.automation.a"/>
</testsuite> <!-- com.usa.ttech.student.automation.a -->
